# project  configured on Sat Oct 10 16:41:11 2015 by
# waf 1.7.11 (abi 98, python 2070af0 on darwin)
# using /Users/Erin/pebble-dev/PebbleSDK-3.6-dp6/Pebble/waf configure
#
----------------------------------------
Setting top to
/Users/Erin/Documents/GitHub/sunburst
----------------------------------------
Setting out to
/Users/Erin/Documents/GitHub/sunburst/build
----------------------------------------
Found Pebble SDK for chalk in:
/Users/Erin/pebble-dev/PebbleSDK-3.6-dp6/Pebble/chalk
----------------------------------------
Checking for program gcc,cc
arm-none-eabi-gcc
find program=['gcc', 'cc'] paths='' var='CC' -> 'arm-none-eabi-gcc'
----------------------------------------
Checking for program ar
arm-none-eabi-gcc-ar
find program=['ar'] paths='' var='AR' -> 'arm-none-eabi-gcc-ar'
